<?xml version="1.0" encoding="UTF-8"?>
<testsuite xmlns:xsi="http://www.w3.org/2001/XMLSchema-instance" xsi:noNamespaceSchemaLocation="https://maven.apache.org/surefire/maven-surefire-plugin/xsd/surefire-test-report.xsd" name="org.example.app.AppTest" time="0.007" tests="1" errors="0" skipped="0" failures="0">
  <properties>
    <property name="sun.desktop" value="windows"/>
    <property name="awt.toolkit" value="sun.awt.windows.WToolkit"/>
    <property name="file.encoding.pkg" value="sun.io"/>
    <property name="java.specification.version" value="1.8"/>
    <property name="sun.cpu.isalist" value="amd64"/>
    <property name="sun.jnu.encoding" value="Cp1252"/>
    <property name="java.class.path" value="C:\Users\ppalliyagu\OneDrive - Wiley\Documents\PIUMI\STUDIES\MSc IIT\IIT learning doc\Cloud\departments\target\test-classes;C:\Users\ppalliyagu\OneDrive - Wiley\Documents\PIUMI\STUDIES\MSc IIT\IIT learning doc\Cloud\departments\target\classes;C:\Users\ppalliyagu\.m2\repository\com\amazonaws\aws-lambda-java-core\1.2.0\aws-lambda-java-core-1.2.0.jar;C:\Users\ppalliyagu\.m2\repository\com\amazonaws\aws-lambda-java-events\2.2.5\aws-lambda-java-events-2.2.5.jar;C:\Users\ppalliyagu\.m2\repository\joda-time\joda-time\2.6\joda-time-2.6.jar;C:\Users\ppalliyagu\.m2\repository\com\amazonaws\aws-java-sdk-dynamodb\1.11.499\aws-java-sdk-dynamodb-1.11.499.jar;C:\Users\ppalliyagu\.m2\repository\com\amazonaws\aws-java-sdk-s3\1.11.499\aws-java-sdk-s3-1.11.499.jar;C:\Users\ppalliyagu\.m2\repository\com\amazonaws\aws-java-sdk-kms\1.11.499\aws-java-sdk-kms-1.11.499.jar;C:\Users\ppalliyagu\.m2\repository\com\amazonaws\aws-java-sdk-core\1.11.499\aws-java-sdk-core-1.11.499.jar;C:\Users\ppalliyagu\.m2\repository\commons-logging\commons-logging\1.1.3\commons-logging-1.1.3.jar;C:\Users\ppalliyagu\.m2\repository\org\apache\httpcomponents\httpclient\4.5.5\httpclient-4.5.5.jar;C:\Users\ppalliyagu\.m2\repository\org\apache\httpcomponents\httpcore\4.4.9\httpcore-4.4.9.jar;C:\Users\ppalliyagu\.m2\repository\commons-codec\commons-codec\1.10\commons-codec-1.10.jar;C:\Users\ppalliyagu\.m2\repository\software\amazon\ion\ion-java\1.0.2\ion-java-1.0.2.jar;C:\Users\ppalliyagu\.m2\repository\com\fasterxml\jackson\dataformat\jackson-dataformat-cbor\2.6.7\jackson-dataformat-cbor-2.6.7.jar;C:\Users\ppalliyagu\.m2\repository\com\amazonaws\jmespath-java\1.11.499\jmespath-java-1.11.499.jar;C:\Users\ppalliyagu\.m2\repository\com\fasterxml\jackson\core\jackson-databind\2.12.1\jackson-databind-2.12.1.jar;C:\Users\ppalliyagu\.m2\repository\com\fasterxml\jackson\core\jackson-annotations\2.12.1\jackson-annotations-2.12.1.jar;C:\Users\ppalliyagu\.m2\repository\com\fasterxml\jackson\core\jackson-core\2.12.1\jackson-core-2.12.1.jar;C:\Users\ppalliyagu\.m2\repository\junit\junit\3.8.1\junit-3.8.1.jar;"/>
    <property name="java.vm.vendor" value="Oracle Corporation"/>
    <property name="sun.arch.data.model" value="64"/>
    <property name="user.variant" value=""/>
    <property name="java.vendor.url" value="http://java.oracle.com/"/>
    <property name="user.timezone" value="Asia/Colombo"/>
    <property name="java.vm.specification.version" value="1.8"/>
    <property name="os.name" value="Windows 10"/>
    <property name="user.country" value="US"/>
    <property name="sun.java.launcher" value="SUN_STANDARD"/>
    <property name="sun.boot.library.path" value="C:\Program Files\Java\jdk1.8.0_221\jre\bin"/>
    <property name="sun.java.command" value="C:\Users\PPALLI~1\AppData\Local\Temp\1\surefire3839403503600193599\surefirebooter892078113834185585.jar C:\Users\ppalliyagu\AppData\Local\Temp\1\surefire3839403503600193599 2021-01-25T23-30-15_074-jvmRun1 surefire6694720729016582197tmp surefire_05755694266387155474tmp"/>
    <property name="surefire.test.class.path" value="C:\Users\ppalliyagu\OneDrive - Wiley\Documents\PIUMI\STUDIES\MSc IIT\IIT learning doc\Cloud\departments\target\test-classes;C:\Users\ppalliyagu\OneDrive - Wiley\Documents\PIUMI\STUDIES\MSc IIT\IIT learning doc\Cloud\departments\target\classes;C:\Users\ppalliyagu\.m2\repository\com\amazonaws\aws-lambda-java-core\1.2.0\aws-lambda-java-core-1.2.0.jar;C:\Users\ppalliyagu\.m2\repository\com\amazonaws\aws-lambda-java-events\2.2.5\aws-lambda-java-events-2.2.5.jar;C:\Users\ppalliyagu\.m2\repository\joda-time\joda-time\2.6\joda-time-2.6.jar;C:\Users\ppalliyagu\.m2\repository\com\amazonaws\aws-java-sdk-dynamodb\1.11.499\aws-java-sdk-dynamodb-1.11.499.jar;C:\Users\ppalliyagu\.m2\repository\com\amazonaws\aws-java-sdk-s3\1.11.499\aws-java-sdk-s3-1.11.499.jar;C:\Users\ppalliyagu\.m2\repository\com\amazonaws\aws-java-sdk-kms\1.11.499\aws-java-sdk-kms-1.11.499.jar;C:\Users\ppalliyagu\.m2\repository\com\amazonaws\aws-java-sdk-core\1.11.499\aws-java-sdk-core-1.11.499.jar;C:\Users\ppalliyagu\.m2\repository\commons-logging\commons-logging\1.1.3\commons-logging-1.1.3.jar;C:\Users\ppalliyagu\.m2\repository\org\apache\httpcomponents\httpclient\4.5.5\httpclient-4.5.5.jar;C:\Users\ppalliyagu\.m2\repository\org\apache\httpcomponents\httpcore\4.4.9\httpcore-4.4.9.jar;C:\Users\ppalliyagu\.m2\repository\commons-codec\commons-codec\1.10\commons-codec-1.10.jar;C:\Users\ppalliyagu\.m2\repository\software\amazon\ion\ion-java\1.0.2\ion-java-1.0.2.jar;C:\Users\ppalliyagu\.m2\repository\com\fasterxml\jackson\dataformat\jackson-dataformat-cbor\2.6.7\jackson-dataformat-cbor-2.6.7.jar;C:\Users\ppalliyagu\.m2\repository\com\amazonaws\jmespath-java\1.11.499\jmespath-java-1.11.499.jar;C:\Users\ppalliyagu\.m2\repository\com\fasterxml\jackson\core\jackson-databind\2.12.1\jackson-databind-2.12.1.jar;C:\Users\ppalliyagu\.m2\repository\com\fasterxml\jackson\core\jackson-annotations\2.12.1\jackson-annotations-2.12.1.jar;C:\Users\ppalliyagu\.m2\repository\com\fasterxml\jackson\core\jackson-core\2.12.1\jackson-core-2.12.1.jar;C:\Users\ppalliyagu\.m2\repository\junit\junit\3.8.1\junit-3.8.1.jar;"/>
    <property name="sun.cpu.endian" value="little"/>
    <property name="user.home" value="C:\Users\ppalliyagu"/>
    <property name="user.language" value="en"/>
    <property name="java.specification.vendor" value="Oracle Corporation"/>
    <property name="java.home" value="C:\Program Files\Java\jdk1.8.0_221\jre"/>
    <property name="basedir" value="C:\Users\ppalliyagu\OneDrive - Wiley\Documents\PIUMI\STUDIES\MSc IIT\IIT learning doc\Cloud\departments"/>
    <property name="file.separator" value="\"/>
    <property name="line.separator" value="&#10;"/>
    <property name="java.vm.specification.vendor" value="Oracle Corporation"/>
    <property name="java.specification.name" value="Java Platform API Specification"/>
    <property name="java.awt.graphicsenv" value="sun.awt.Win32GraphicsEnvironment"/>
    <property name="surefire.real.class.path" value="C:\Users\PPALLI~1\AppData\Local\Temp\1\surefire3839403503600193599\surefirebooter892078113834185585.jar"/>
    <property name="sun.boot.class.path" value="C:\Program Files\Java\jdk1.8.0_221\jre\lib\resources.jar;C:\Program Files\Java\jdk1.8.0_221\jre\lib\rt.jar;C:\Program Files\Java\jdk1.8.0_221\jre\lib\sunrsasign.jar;C:\Program Files\Java\jdk1.8.0_221\jre\lib\jsse.jar;C:\Program Files\Java\jdk1.8.0_221\jre\lib\jce.jar;C:\Program Files\Java\jdk1.8.0_221\jre\lib\charsets.jar;C:\Program Files\Java\jdk1.8.0_221\jre\lib\jfr.jar;C:\Program Files\Java\jdk1.8.0_221\jre\classes"/>
    <property name="user.script" value=""/>
    <property name="sun.management.compiler" value="HotSpot 64-Bit Tiered Compilers"/>
    <property name="java.runtime.version" value="1.8.0_221-b11"/>
    <property name="user.name" value="ppalliyagu"/>
    <property name="path.separator" value=";"/>
    <property name="os.version" value="10.0"/>
    <property name="java.endorsed.dirs" value="C:\Program Files\Java\jdk1.8.0_221\jre\lib\endorsed"/>
    <property name="java.runtime.name" value="Java(TM) SE Runtime Environment"/>
    <property name="file.encoding" value="Cp1252"/>
    <property name="java.vm.name" value="Java HotSpot(TM) 64-Bit Server VM"/>
    <property name="localRepository" value="C:\Users\ppalliyagu\.m2\repository"/>
    <property name="java.vendor.url.bug" value="http://bugreport.sun.com/bugreport/"/>
    <property name="java.io.tmpdir" value="C:\Users\PPALLI~1\AppData\Local\Temp\1\"/>
    <property name="java.version" value="1.8.0_221"/>
    <property name="user.dir" value="C:\Users\ppalliyagu\OneDrive - Wiley\Documents\PIUMI\STUDIES\MSc IIT\IIT learning doc\Cloud\departments"/>
    <property name="os.arch" value="amd64"/>
    <property name="java.vm.specification.name" value="Java Virtual Machine Specification"/>
    <property name="java.awt.printerjob" value="sun.awt.windows.WPrinterJob"/>
    <property name="sun.os.patch.level" value=""/>
    <property name="java.library.path" value="C:\Program Files\Java\jdk1.8.0_221\jre\bin;C:\WINDOWS\Sun\Java\bin;C:\WINDOWS\system32;C:\WINDOWS;C:\Program Files (x86)\Common Files\Oracle\Java\javapath;C:\Program Files\AdoptOpenJDK\jdk-13.0.2.8-hotspot\bin;C:\ProgramData\DockerDesktop\version-bin;C:\Program Files\Docker\Docker\Resources\bin;C:\ProgramData\Oracle\Java\javapath;C:\WINDOWS\system32;C:\WINDOWS;C:\WINDOWS\System32\Wbem;C:\WINDOWS\System32\WindowsPowerShell\v1.0\;C:\Program Files\Java\jdk1.8.0_221\bin;C:\Users\ppalliyagu\OneDrive - Wiley\Software\apache-maven-3.5.4-bin\apache-maven-3.5.4\bin;C:\Users\ppalliyagu\OneDrive - Wiley\Software\gradle-6.0.1-all\gradle-6.0.1\bin;C:\Program Files\Microsoft SQL Server\130\Tools\Binn\;C:\Program Files\Git\cmd;C:\Program Files\nodejs\;C:\Program Files\MongoDB\Server\4.2\bin;C:\Program Files\IcedTeaWeb\WebStart\bin;C:\Program Files\Amazon\AWSCLIV2\;C:\Users\ppalliyagu\AppData\Local\Programs\Python\Python37\Scripts\;C:\Users\ppalliyagu\AppData\Local\Programs\Python\Python37\;C:\Program Files\Java\jdk1.8.0_221\bin;C:\Users\ppalliyagu\AppData\Local\Programs\Microsoft VS Code\bin;C:\Users\ppalliyagu\AppData\Roaming\npm;C:\Users\ppalliyagu\AppData\Local\GitHubDesktop\bin;C:\Program Files\JetBrains\PyCharm 2020.2\bin;."/>
    <property name="idea.version2019.3.2" value="true"/>
    <property name="java.vm.info" value="mixed mode"/>
    <property name="java.vendor" value="Oracle Corporation"/>
    <property name="java.vm.version" value="25.221-b11"/>
    <property name="java.ext.dirs" value="C:\Program Files\Java\jdk1.8.0_221\jre\lib\ext;C:\WINDOWS\Sun\Java\lib\ext"/>
    <property name="sun.io.unicode.encoding" value="UnicodeLittle"/>
    <property name="java.class.version" value="52.0"/>
  </properties>
  <testcase name="testApp" classname="org.example.app.AppTest" time="0.001"/>
</testsuite>